<?xml version="1.0" encoding="UTF-8"?>
<!-- Generated by org.testng.reporters.JUnitReportReporter -->
<testsuite skipped="0" hostname="DESKTOP-9803A9T" name="testcases.TC03_ChangeEmail" tests="1" failures="0" timestamp="07 Nov 2017 09:26:04 GMT" time="21.393" errors="0">
  <testcase name="signUpAnAccount" time="21.393" classname="testcases.TC03_ChangeEmail"/>
</testsuite> <!-- testcases.TC03_ChangeEmail -->
