<?xml version="1.0" encoding="UTF-8"?>
<!-- Generated by org.testng.reporters.JUnitReportReporter -->
<testsuite skipped="0" hostname="DESKTOP-9803A9T" name="testcases.TC03_UpdateAccount" tests="1" failures="0" timestamp="07 Nov 2017 08:56:43 GMT" time="18.696" errors="0">
  <testcase name="signUpAnAccount" time="18.696" classname="testcases.TC03_UpdateAccount"/>
</testsuite> <!-- testcases.TC03_UpdateAccount -->
