<?xml version="1.0" encoding="UTF-8"?>
<!-- Generated by org.testng.reporters.JUnitReportReporter -->
<testsuite skipped="0" hostname="DESKTOP-9803A9T" name="BasePackage.Testlogin" tests="1" failures="0" timestamp="08 Nov 2017 03:29:16 GMT" time="6.502" errors="0">
  <testcase name="signUpAnAccount" time="6.502" classname="BasePackage.Testlogin"/>
</testsuite> <!-- BasePackage.Testlogin -->
