<?xml version="1.0" encoding="UTF-8"?>
<!-- Generated by org.testng.reporters.JUnitReportReporter -->
<testsuite skipped="0" hostname="DESKTOP-9803A9T" name="testcases.TC01_SignUpAnAccount" tests="1" failures="0" timestamp="06 Nov 2017 10:33:52 GMT" time="12.509" errors="0">
  <testcase name="signUpAnAccount" time="12.509" classname="testcases.TC01_SignUpAnAccount"/>
</testsuite> <!-- testcases.TC01_SignUpAnAccount -->
