<?xml version="1.0" encoding="UTF-8"?>
<!-- Generated by org.testng.reporters.JUnitReportReporter -->
<testsuite skipped="0" hostname="DESKTOP-9803A9T" name="testcases.TC02_LoginToApplication" tests="1" failures="0" timestamp="07 Nov 2017 05:28:58 GMT" time="12.347" errors="0">
  <testcase name="signUpAnAccount" time="12.347" classname="testcases.TC02_LoginToApplication"/>
</testsuite> <!-- testcases.TC02_LoginToApplication -->
