<?xml version="1.0" encoding="UTF-8"?>
<!-- Generated by org.testng.reporters.JUnitReportReporter -->
<testsuite skipped="0" hostname="DESKTOP-9803A9T" name="testcases.TC01_SignUpAnAccount" tests="1" failures="0" timestamp="07 Nov 2017 04:04:18 GMT" time="14.207" errors="0">
  <testcase name="signUpAnAccount" time="14.207" classname="testcases.TC01_SignUpAnAccount"/>
</testsuite> <!-- testcases.TC01_SignUpAnAccount -->
